<?xml version="1.0" encoding="UTF-8"?>
<testsuite name="stack.and.queue.LibraryTest" tests="1" skipped="0" failures="0" errors="0" timestamp="2021-10-30T17:41:59" hostname="LTUCSTUDENT-L15" time="0.037">
  <properties/>
  <testcase name="stackQueuePseudo()" classname="stack.and.queue.LibraryTest" time="0.037"/>
  <system-out><![CDATA[-------------------------------
-------------------------------
-------------------------------
-------------------------------
-------------------------------
-------------------------------
-------------------------------
-------------------------------
-------------------------------
-------------------------------
-------------------------------
-------------------------------
-------------------------------
-------------------------------
-------------------------------
-------------------------------
-------------------------------
-------------------------------
-------------------------------
-------------------------------
-------------------------------
-------------------------------
-------------------------------
-------------------------------
-------------------------------
-------------------------------
-------------------------------
-------------------------------
-------------------------------
]]></system-out>
  <system-err><![CDATA[]]></system-err>
</testsuite>
